<?xml version="1.0" encoding="UTF-8"?>
<!-- Generated by org.testng.reporters.JUnitReportReporter -->
<testsuite hostname="MSI" failures="0" tests="2" name="demo.Feb24_TestNg.Class1" time="0.013" errors="0" timestamp="2024-05-08T07:04:14 IST" skipped="0">
  <testcase classname="demo.Feb24_TestNg.Class1" name="B1" time="0.003"/>
  <system-out/>
  <testcase classname="demo.Feb24_TestNg.Class1" name="A1" time="0.010"/>
  <system-out/>
</testsuite> <!-- demo.Feb24_TestNg.Class1 -->
