<?xml version="1.0" encoding="UTF-8"?>
<!-- Generated by org.testng.reporters.JUnitReportReporter -->
<testsuite hostname="MSI" failures="0" tests="2" name="HYR_Tutorials.FirstTestNG" time="9.316" errors="0" timestamp="2024-05-20T19:10:56 IST" skipped="0">
  <testcase classname="HYR_Tutorials.FirstTestNG" name="TestGoogle" time="4.384"/>
  <system-out/>
  <testcase classname="HYR_Tutorials.FirstTestNG" name="TestInstagram" time="4.932"/>
  <system-out/>
</testsuite> <!-- HYR_Tutorials.FirstTestNG -->
