<?xml version="1.0" encoding="UTF-8"?>
<!-- Generated by org.testng.reporters.JUnitReportReporter -->
<testsuite hostname="MSI" failures="0" tests="4" name="demo.Feb24_TestNg.SettingPrority" time="0.013" errors="0" timestamp="2024-05-08T07:26:37 IST" skipped="0">
  <testcase classname="demo.Feb24_TestNg.SettingPrority" name="driverInitialization" time="0.009"/>
  <system-out/>
  <testcase classname="demo.Feb24_TestNg.SettingPrority" name="enteringTheURL" time="0.001"/>
  <system-out/>
  <testcase classname="demo.Feb24_TestNg.SettingPrority" name="enteringTheCredientials" time="0.002"/>
  <system-out/>
  <testcase classname="demo.Feb24_TestNg.SettingPrority" name="CloseTheURL" time="0.001"/>
  <system-out/>
</testsuite> <!-- demo.Feb24_TestNg.SettingPrority -->
