<?xml version="1.0" encoding="UTF-8"?>
<!-- Generated by org.testng.reporters.JUnitReportReporter -->
<testsuite hostname="MSI" failures="0" tests="1" name="demo.Feb24_TestNg.VerifyLogin" time="21.661" errors="0" timestamp="2024-05-11T17:04:22 IST" skipped="0">
  <testcase classname="demo.Feb24_TestNg.VerifyLogin" name="verifyLoginButton" time="21.661"/>
  <system-out/>
</testsuite> <!-- demo.Feb24_TestNg.VerifyLogin -->
